
*** Running vivado
    with args -log siren.vds -m64 -product Vivado -mode batch -messageDb vivado.pb -notrace -source siren.tcl


****** Vivado v2019.1 (64-bit)
  **** SW Build 2552052 on Fri May 24 14:49:42 MDT 2019
  **** IP Build 2548770 on Fri May 24 18:01:18 MDT 2019
    ** Copyright 1986-2019 Xilinx, Inc. All Rights Reserved.

source siren.tcl -notrace
Command: synth_design -top siren -part xc7a100tcsg324-1
Starting synth_design
Attempting to get a license for feature 'Synthesis' and/or device 'xc7a100t'
INFO: [Common 17-349] Got license for feature 'Synthesis' and/or device 'xc7a100t'
INFO: [Device 21-403] Loading part xc7a100tcsg324-1
INFO: Launching helper process for spawning children vivado processes
INFO: Helper process launched with PID 7116 
---------------------------------------------------------------------------------
Starting RTL Elaboration : Time (s): cpu = 00:00:05 ; elapsed = 00:00:05 . Memory (MB): peak = 845.074 ; gain = 178.145
---------------------------------------------------------------------------------
INFO: [Synth 8-638] synthesizing module 'siren' [C:/msys64/home/Chris/dsd/Nexys-4-DDR/Lab-5/siren.vhd:15]
INFO: [Synth 8-3491] module 'dac_if' declared at 'C:/msys64/home/Chris/dsd/Nexys-4-DDR/Lab-5/dac_if.vhd:5' bound to instance 'dac' of component 'dac_if' [C:/msys64/home/Chris/dsd/Nexys-4-DDR/Lab-5/siren.vhd:68]
INFO: [Synth 8-638] synthesizing module 'dac_if' [C:/msys64/home/Chris/dsd/Nexys-4-DDR/Lab-5/dac_if.vhd:15]
INFO: [Synth 8-256] done synthesizing module 'dac_if' (1#1) [C:/msys64/home/Chris/dsd/Nexys-4-DDR/Lab-5/dac_if.vhd:15]
INFO: [Synth 8-3491] module 'wail' declared at 'C:/msys64/home/Chris/dsd/Nexys-4-DDR/Lab-5/wail.vhd:8' bound to instance 'w1' of component 'wail' [C:/msys64/home/Chris/dsd/Nexys-4-DDR/Lab-5/siren.vhd:77]
INFO: [Synth 8-638] synthesizing module 'wail' [C:/msys64/home/Chris/dsd/Nexys-4-DDR/Lab-5/wail.vhd:18]
WARNING: [Synth 8-5640] Port 'wav_sel' is missing in component declaration [C:/msys64/home/Chris/dsd/Nexys-4-DDR/Lab-5/wail.vhd:19]
INFO: [Synth 8-3491] module 'tone' declared at 'C:/msys64/home/Chris/dsd/Nexys-4-DDR/Lab-5/tone.vhd:7' bound to instance 'tgen' of component 'tone' [C:/msys64/home/Chris/dsd/Nexys-4-DDR/Lab-5/wail.vhd:47]
INFO: [Synth 8-638] synthesizing module 'tone' [C:/msys64/home/Chris/dsd/Nexys-4-DDR/Lab-5/tone.vhd:15]
WARNING: [Synth 8-5825] expecting unsigned expression [C:/msys64/home/Chris/dsd/Nexys-4-DDR/Lab-5/tone.vhd:41]
WARNING: [Synth 8-5825] expecting unsigned expression [C:/msys64/home/Chris/dsd/Nexys-4-DDR/Lab-5/tone.vhd:43]
WARNING: [Synth 8-5825] expecting unsigned expression [C:/msys64/home/Chris/dsd/Nexys-4-DDR/Lab-5/tone.vhd:59]
WARNING: [Synth 8-5825] expecting unsigned expression [C:/msys64/home/Chris/dsd/Nexys-4-DDR/Lab-5/tone.vhd:60]
WARNING: [Synth 8-5825] expecting unsigned expression [C:/msys64/home/Chris/dsd/Nexys-4-DDR/Lab-5/tone.vhd:61]
INFO: [Synth 8-256] done synthesizing module 'tone' (2#1) [C:/msys64/home/Chris/dsd/Nexys-4-DDR/Lab-5/tone.vhd:15]
INFO: [Synth 8-256] done synthesizing module 'wail' (3#1) [C:/msys64/home/Chris/dsd/Nexys-4-DDR/Lab-5/wail.vhd:18]
INFO: [Synth 8-256] done synthesizing module 'siren' (4#1) [C:/msys64/home/Chris/dsd/Nexys-4-DDR/Lab-5/siren.vhd:15]
---------------------------------------------------------------------------------
Finished RTL Elaboration : Time (s): cpu = 00:00:06 ; elapsed = 00:00:07 . Memory (MB): peak = 911.047 ; gain = 244.117
---------------------------------------------------------------------------------

Report Check Netlist: 
+------+------------------+-------+---------+-------+------------------+
|      |Item              |Errors |Warnings |Status |Description       |
+------+------------------+-------+---------+-------+------------------+
|1     |multi_driven_nets |      0|        0|Passed |Multi driven nets |
+------+------------------+-------+---------+-------+------------------+
---------------------------------------------------------------------------------
Start Handling Custom Attributes
---------------------------------------------------------------------------------
---------------------------------------------------------------------------------
Finished Handling Custom Attributes : Time (s): cpu = 00:00:07 ; elapsed = 00:00:08 . Memory (MB): peak = 911.047 ; gain = 244.117
---------------------------------------------------------------------------------
---------------------------------------------------------------------------------
Finished RTL Optimization Phase 1 : Time (s): cpu = 00:00:07 ; elapsed = 00:00:08 . Memory (MB): peak = 911.047 ; gain = 244.117
---------------------------------------------------------------------------------
INFO: [Project 1-570] Preparing netlist for logic optimization

Processing XDC Constraints
Initializing timing engine
Parsing XDC File [C:/msys64/home/Chris/dsd/Nexys-4-DDR/Lab-5/siren.xdc]
Finished Parsing XDC File [C:/msys64/home/Chris/dsd/Nexys-4-DDR/Lab-5/siren.xdc]
INFO: [Project 1-236] Implementation specific constraints were found while reading constraint file [C:/msys64/home/Chris/dsd/Nexys-4-DDR/Lab-5/siren.xdc]. These constraints will be ignored for synthesis but will be used in implementation. Impacted constraints are listed in the file [.Xil/siren_propImpl.xdc].
Resolution: To avoid this warning, move constraints listed in [.Xil/siren_propImpl.xdc] to another XDC file and exclude this new file from synthesis with the used_in_synthesis property (File Properties dialog in GUI) and re-run elaboration/synthesis.
Completed Processing XDC Constraints

Netlist sorting complete. Time (s): cpu = 00:00:00 ; elapsed = 00:00:00.001 . Memory (MB): peak = 1030.141 ; gain = 0.000
INFO: [Project 1-111] Unisim Transformation Summary:
No Unisim elements were transformed.

Constraint Validation Runtime : Time (s): cpu = 00:00:00 ; elapsed = 00:00:00.036 . Memory (MB): peak = 1030.141 ; gain = 0.000
---------------------------------------------------------------------------------
Finished Constraint Validation : Time (s): cpu = 00:00:16 ; elapsed = 00:00:21 . Memory (MB): peak = 1030.141 ; gain = 363.211
---------------------------------------------------------------------------------
---------------------------------------------------------------------------------
Start Loading Part and Timing Information
---------------------------------------------------------------------------------
Loading part: xc7a100tcsg324-1
---------------------------------------------------------------------------------
Finished Loading Part and Timing Information : Time (s): cpu = 00:00:16 ; elapsed = 00:00:21 . Memory (MB): peak = 1030.141 ; gain = 363.211
---------------------------------------------------------------------------------
---------------------------------------------------------------------------------
Start Applying 'set_property' XDC Constraints
---------------------------------------------------------------------------------
---------------------------------------------------------------------------------
Finished applying 'set_property' XDC Constraints : Time (s): cpu = 00:00:16 ; elapsed = 00:00:21 . Memory (MB): peak = 1030.141 ; gain = 363.211
---------------------------------------------------------------------------------
INFO: [Synth 8-5818] HDL ADVISOR - The operator resource <adder> is shared. To prevent sharing consider applying a KEEP on the output of the operator [C:/msys64/home/Chris/dsd/Nexys-4-DDR/Lab-5/wail.vhd:36]
---------------------------------------------------------------------------------
Finished RTL Optimization Phase 2 : Time (s): cpu = 00:00:16 ; elapsed = 00:00:22 . Memory (MB): peak = 1030.141 ; gain = 363.211
---------------------------------------------------------------------------------

Report RTL Partitions: 
+-+--------------+------------+----------+
| |RTL Partition |Replication |Instances |
+-+--------------+------------+----------+
+-+--------------+------------+----------+
---------------------------------------------------------------------------------
Start RTL Component Statistics 
---------------------------------------------------------------------------------
Detailed RTL Component Info : 
+---Adders : 
	   2 Input     15 Bit       Adders := 2     
	   3 Input     14 Bit       Adders := 1     
+---Registers : 
	               16 Bit    Registers := 2     
	               14 Bit    Registers := 1     
	                1 Bit    Registers := 3     
+---Muxes : 
	   2 Input     16 Bit        Muxes := 3     
	   4 Input     16 Bit        Muxes := 5     
	   2 Input     14 Bit        Muxes := 1     
	   2 Input      1 Bit        Muxes := 1     
---------------------------------------------------------------------------------
Finished RTL Component Statistics 
---------------------------------------------------------------------------------
---------------------------------------------------------------------------------
Start RTL Hierarchical Component Statistics 
---------------------------------------------------------------------------------
Hierarchical RTL Component report 
Module siren 
Detailed RTL Component Info : 
+---Registers : 
	                1 Bit    Registers := 2     
Module dac_if 
Detailed RTL Component Info : 
+---Registers : 
	               16 Bit    Registers := 1     
+---Muxes : 
	   2 Input     16 Bit        Muxes := 2     
Module tone 
Detailed RTL Component Info : 
+---Adders : 
	   2 Input     15 Bit       Adders := 2     
+---Registers : 
	               16 Bit    Registers := 1     
+---Muxes : 
	   4 Input     16 Bit        Muxes := 5     
	   2 Input     16 Bit        Muxes := 1     
Module wail 
Detailed RTL Component Info : 
+---Adders : 
	   3 Input     14 Bit       Adders := 1     
+---Registers : 
	               14 Bit    Registers := 1     
	                1 Bit    Registers := 1     
+---Muxes : 
	   2 Input     14 Bit        Muxes := 1     
	   2 Input      1 Bit        Muxes := 1     
---------------------------------------------------------------------------------
Finished RTL Hierarchical Component Statistics
---------------------------------------------------------------------------------
---------------------------------------------------------------------------------
Start Part Resource Summary
---------------------------------------------------------------------------------
Part Resources:
DSPs: 240 (col length:80)
BRAMs: 270 (col length: RAMB18 80 RAMB36 40)
---------------------------------------------------------------------------------
Finished Part Resource Summary
---------------------------------------------------------------------------------
---------------------------------------------------------------------------------
Start Cross Boundary and Area Optimization
---------------------------------------------------------------------------------
Warning: Parallel synthesis criteria is not met 
INFO: [Synth 8-3333] propagating constant 1 across sequential element (\w1/tgen/data_reg[0] )
INFO: [Synth 8-3886] merging instance 'w1/tgen/data_reg[1]' (FD) to 'w1/tgen/data_reg[2]'
INFO: [Synth 8-3886] merging instance 'w1/tgen/data_reg[2]' (FD) to 'w1/tgen/data_reg[3]'
INFO: [Synth 8-3886] merging instance 'w1/tgen/data_reg[3]' (FD) to 'w1/tgen/data_reg[4]'
INFO: [Synth 8-3886] merging instance 'w1/tgen/data_reg[4]' (FD) to 'w1/tgen/data_reg[5]'
INFO: [Synth 8-3886] merging instance 'w1/tgen/data_reg[5]' (FD) to 'w1/tgen/data_reg[6]'
INFO: [Synth 8-3886] merging instance 'w1/tgen/data_reg[6]' (FD) to 'w1/tgen/data_reg[7]'
INFO: [Synth 8-3886] merging instance 'w1/tgen/data_reg[7]' (FD) to 'w1/tgen/data_reg[8]'
INFO: [Synth 8-3886] merging instance 'w1/tgen/data_reg[8]' (FD) to 'w1/tgen/data_reg[9]'
INFO: [Synth 8-3886] merging instance 'w1/tgen/data_reg[9]' (FD) to 'w1/tgen/data_reg[10]'
INFO: [Synth 8-3886] merging instance 'w1/tgen/data_reg[10]' (FD) to 'w1/tgen/data_reg[11]'
INFO: [Synth 8-3886] merging instance 'w1/tgen/data_reg[11]' (FD) to 'w1/tgen/data_reg[12]'
INFO: [Synth 8-3886] merging instance 'w1/tgen/data_reg[12]' (FD) to 'w1/tgen/data_reg[13]'
INFO: [Synth 8-3333] propagating constant 0 across sequential element (\w1/curr_pitch_reg[0] )
INFO: [Synth 8-3886] merging instance 'w1/tgen/data_reg[14]' (FD) to 'w1/tgen/data_reg[15]'
---------------------------------------------------------------------------------
Finished Cross Boundary and Area Optimization : Time (s): cpu = 00:00:18 ; elapsed = 00:00:24 . Memory (MB): peak = 1030.141 ; gain = 363.211
---------------------------------------------------------------------------------

Report RTL Partitions: 
+-+--------------+------------+----------+
| |RTL Partition |Replication |Instances |
+-+--------------+------------+----------+
+-+--------------+------------+----------+
---------------------------------------------------------------------------------
Start Applying XDC Timing Constraints
---------------------------------------------------------------------------------
---------------------------------------------------------------------------------
Finished Applying XDC Timing Constraints : Time (s): cpu = 00:00:29 ; elapsed = 00:00:36 . Memory (MB): peak = 1030.141 ; gain = 363.211
---------------------------------------------------------------------------------
---------------------------------------------------------------------------------
Start Timing Optimization
---------------------------------------------------------------------------------
---------------------------------------------------------------------------------
Finished Timing Optimization : Time (s): cpu = 00:00:29 ; elapsed = 00:00:36 . Memory (MB): peak = 1030.141 ; gain = 363.211
---------------------------------------------------------------------------------

Report RTL Partitions: 
+-+--------------+------------+----------+
| |RTL Partition |Replication |Instances |
+-+--------------+------------+----------+
+-+--------------+------------+----------+
---------------------------------------------------------------------------------
Start Technology Mapping
---------------------------------------------------------------------------------
---------------------------------------------------------------------------------
Finished Technology Mapping : Time (s): cpu = 00:00:29 ; elapsed = 00:00:36 . Memory (MB): peak = 1030.141 ; gain = 363.211
---------------------------------------------------------------------------------

Report RTL Partitions: 
+-+--------------+------------+----------+
| |RTL Partition |Replication |Instances |
+-+--------------+------------+----------+
+-+--------------+------------+----------+
---------------------------------------------------------------------------------
Start IO Insertion
---------------------------------------------------------------------------------
---------------------------------------------------------------------------------
Start Flattening Before IO Insertion
---------------------------------------------------------------------------------
---------------------------------------------------------------------------------
Finished Flattening Before IO Insertion
---------------------------------------------------------------------------------
---------------------------------------------------------------------------------
Start Final Netlist Cleanup
---------------------------------------------------------------------------------
---------------------------------------------------------------------------------
Finished Final Netlist Cleanup
---------------------------------------------------------------------------------
---------------------------------------------------------------------------------
Finished IO Insertion : Time (s): cpu = 00:00:32 ; elapsed = 00:00:39 . Memory (MB): peak = 1034.113 ; gain = 367.184
---------------------------------------------------------------------------------

Report Check Netlist: 
+------+------------------+-------+---------+-------+------------------+
|      |Item              |Errors |Warnings |Status |Description       |
+------+------------------+-------+---------+-------+------------------+
|1     |multi_driven_nets |      0|        0|Passed |Multi driven nets |
+------+------------------+-------+---------+-------+------------------+
---------------------------------------------------------------------------------
Start Renaming Generated Instances
---------------------------------------------------------------------------------
---------------------------------------------------------------------------------
Finished Renaming Generated Instances : Time (s): cpu = 00:00:32 ; elapsed = 00:00:39 . Memory (MB): peak = 1034.113 ; gain = 367.184
---------------------------------------------------------------------------------

Report RTL Partitions: 
+-+--------------+------------+----------+
| |RTL Partition |Replication |Instances |
+-+--------------+------------+----------+
+-+--------------+------------+----------+
---------------------------------------------------------------------------------
Start Rebuilding User Hierarchy
---------------------------------------------------------------------------------
---------------------------------------------------------------------------------
Finished Rebuilding User Hierarchy : Time (s): cpu = 00:00:32 ; elapsed = 00:00:39 . Memory (MB): peak = 1034.113 ; gain = 367.184
---------------------------------------------------------------------------------
---------------------------------------------------------------------------------
Start Renaming Generated Ports
---------------------------------------------------------------------------------
---------------------------------------------------------------------------------
Finished Renaming Generated Ports : Time (s): cpu = 00:00:32 ; elapsed = 00:00:39 . Memory (MB): peak = 1034.113 ; gain = 367.184
---------------------------------------------------------------------------------
---------------------------------------------------------------------------------
Start Handling Custom Attributes
---------------------------------------------------------------------------------
---------------------------------------------------------------------------------
Finished Handling Custom Attributes : Time (s): cpu = 00:00:32 ; elapsed = 00:00:39 . Memory (MB): peak = 1034.113 ; gain = 367.184
---------------------------------------------------------------------------------
---------------------------------------------------------------------------------
Start Renaming Generated Nets
---------------------------------------------------------------------------------
---------------------------------------------------------------------------------
Finished Renaming Generated Nets : Time (s): cpu = 00:00:32 ; elapsed = 00:00:39 . Memory (MB): peak = 1034.113 ; gain = 367.184
---------------------------------------------------------------------------------
---------------------------------------------------------------------------------
Start Writing Synthesis Report
---------------------------------------------------------------------------------

Report BlackBoxes: 
+-+--------------+----------+
| |BlackBox name |Instances |
+-+--------------+----------+
+-+--------------+----------+

Report Cell Usage: 
+------+-------+------+
|      |Cell   |Count |
+------+-------+------+
|1     |BUFG   |     1|
|2     |CARRY4 |    12|
|3     |LUT1   |     2|
|4     |LUT2   |    23|
|5     |LUT3   |     4|
|6     |LUT4   |    21|
|7     |LUT5   |     4|
|8     |LUT6   |     5|
|9     |FDRE   |    69|
|10    |IBUF   |     1|
|11    |OBUF   |     4|
+------+-------+------+

Report Instance Areas: 
+------+---------+-------+------+
|      |Instance |Module |Cells |
+------+---------+-------+------+
|1     |top      |       |   146|
|2     |  dac    |dac_if |    32|
|3     |  w1     |wail   |    75|
|4     |    tgen |tone   |    37|
+------+---------+-------+------+
---------------------------------------------------------------------------------
Finished Writing Synthesis Report : Time (s): cpu = 00:00:32 ; elapsed = 00:00:39 . Memory (MB): peak = 1034.113 ; gain = 367.184
---------------------------------------------------------------------------------
Synthesis finished with 0 errors, 0 critical warnings and 0 warnings.
Synthesis Optimization Runtime : Time (s): cpu = 00:00:21 ; elapsed = 00:00:31 . Memory (MB): peak = 1034.113 ; gain = 248.090
Synthesis Optimization Complete : Time (s): cpu = 00:00:32 ; elapsed = 00:00:39 . Memory (MB): peak = 1034.113 ; gain = 367.184
INFO: [Project 1-571] Translating synthesized netlist
INFO: [Netlist 29-17] Analyzing 12 Unisim elements for replacement
INFO: [Netlist 29-28] Unisim Transformation completed in 0 CPU seconds
INFO: [Project 1-570] Preparing netlist for logic optimization
INFO: [Opt 31-138] Pushed 0 inverter(s) to 0 load pin(s).
Netlist sorting complete. Time (s): cpu = 00:00:00 ; elapsed = 00:00:00.001 . Memory (MB): peak = 1050.961 ; gain = 0.000
INFO: [Project 1-111] Unisim Transformation Summary:
No Unisim elements were transformed.

INFO: [Common 17-83] Releasing license: Synthesis
39 Infos, 6 Warnings, 0 Critical Warnings and 0 Errors encountered.
synth_design completed successfully
synth_design: Time (s): cpu = 00:00:40 ; elapsed = 00:00:50 . Memory (MB): peak = 1050.961 ; gain = 654.746
Netlist sorting complete. Time (s): cpu = 00:00:00 ; elapsed = 00:00:00 . Memory (MB): peak = 1050.961 ; gain = 0.000
WARNING: [Constraints 18-5210] No constraints selected for write.
Resolution: This message can indicate that there are no constraints for the design, or it can indicate that the used_in flags are set such that the constraints are ignored. This later case is used when running synth_design to not write synthesis constraints to the resulting checkpoint. Instead, project constraints are read when the synthesized design is opened.
INFO: [Common 17-1381] The checkpoint 'C:/Users/Chris/Documents/cpe487/siren/siren.runs/synth_1/siren.dcp' has been generated.
INFO: [runtcl-4] Executing : report_utilization -file siren_utilization_synth.rpt -pb siren_utilization_synth.pb
INFO: [Common 17-206] Exiting Vivado at Thu Nov 21 13:25:01 2019...
