Copyright 1986-2019 Xilinx, Inc. All Rights Reserved.
------------------------------------------------------------------------------------
| Tool Version : Vivado v.2019.1 (win64) Build 2552052 Fri May 24 14:49:42 MDT 2019
| Date         : Tue Nov 26 13:49:49 2019
| Host         : LAPTOP-D814HOCL running 64-bit major release  (build 9200)
| Command      : report_control_sets -verbose -file siren_control_sets_placed.rpt
| Design       : siren
| Device       : xc7a100t
------------------------------------------------------------------------------------

Control Set Information

Table of Contents
-----------------
1. Summary
2. Histogram
3. Flip-Flop Distribution
4. Detailed Control Set Information

1. Summary
----------

+----------------------------------------------------------+-------+
|                          Status                          | Count |
+----------------------------------------------------------+-------+
| Total control sets                                       |     6 |
|    Minimum number of control sets                        |     6 |
|    Addition due to synthesis replication                 |     0 |
|    Addition due to physical synthesis replication        |     0 |
| Unused register locations in slices containing registers |    14 |
+----------------------------------------------------------+-------+
* Control sets can be merged at opt_design using control_set_merge or merge_equivalent_drivers
** Run report_qor_suggestions for automated merging and remapping suggestions


2. Histogram
------------

+--------------------+-------+
|       Fanout       | Count |
+--------------------+-------+
| Total control sets |     6 |
| >= 0 to < 4        |     0 |
| >= 4 to < 6        |     1 |
| >= 6 to < 8        |     0 |
| >= 8 to < 10       |     0 |
| >= 10 to < 12      |     0 |
| >= 12 to < 14      |     0 |
| >= 14 to < 16      |     3 |
| >= 16              |     2 |
+--------------------+-------+
* Control sets can be remapped at either synth_design or opt_design


3. Flip-Flop Distribution
-------------------------

+--------------+-----------------------+------------------------+-----------------+--------------+
| Clock Enable | Synchronous Set/Reset | Asynchronous Set/Reset | Total Registers | Total Slices |
+--------------+-----------------------+------------------------+-----------------+--------------+
| No           | No                    | No                     |              86 |           25 |
| No           | No                    | Yes                    |               0 |            0 |
| No           | Yes                   | No                     |               0 |            0 |
| Yes          | No                    | No                     |              20 |            7 |
| Yes          | No                    | Yes                    |               0 |            0 |
| Yes          | Yes                   | No                     |               0 |            0 |
+--------------+-----------------------+------------------------+-----------------+--------------+


4. Detailed Control Set Information
-----------------------------------

+----------------------+--------------------------+------------------+------------------+----------------+
|     Clock Signal     |       Enable Signal      | Set/Reset Signal | Slice Load Count | Bel Load Count |
+----------------------+--------------------------+------------------+------------------+----------------+
|  clk_50MHz_IBUF_BUFG | display[5]_i_1_n_0       |                  |                1 |              5 |
|  wclk                |                          |                  |                4 |             14 |
|  dac_LRCK_OBUF_BUFG  |                          |                  |                5 |             15 |
|  dac_LRCK_OBUF_BUFG  | w1/tgen/data[15]_i_1_n_0 |                  |                6 |             15 |
| ~dac_SCLK_OBUF       |                          |                  |                5 |             16 |
|  clk_50MHz_IBUF_BUFG |                          |                  |               11 |             41 |
+----------------------+--------------------------+------------------+------------------+----------------+


