#-----------------------------------------------------------
# Vivado v2019.1 (64-bit)
# SW Build 2552052 on Fri May 24 14:49:42 MDT 2019
# IP Build 2548770 on Fri May 24 18:01:18 MDT 2019
# Start of session at: Mon Nov 25 15:42:16 2019
# Process ID: 48172
# Current directory: C:/github/dsdFinalProject/siren
# Command line: vivado.exe -gui_launcher_event rodinguilauncherevent47856 C:\github\dsdFinalProject\siren\siren.xpr
# Log file: C:/github/dsdFinalProject/siren/vivado.log
# Journal file: C:/github/dsdFinalProject/siren\vivado.jou
#-----------------------------------------------------------
start_gui
open_project C:/github/dsdFinalProject/siren/siren.xpr
INFO: [Project 1-313] Project file moved from 'C:/Users/Chris/Documents/cpe487/siren' since last save.
CRITICAL WARNING: [Project 1-311] Could not find the file 'C:/../../msys64/home/Chris/dsd/Nexys-4-DDR/Lab-5/dac_if.vhd', nor could it be found using path 'C:/msys64/home/Chris/dsd/Nexys-4-DDR/Lab-5/dac_if.vhd'.
CRITICAL WARNING: [Project 1-311] Could not find the file 'C:/../../msys64/home/Chris/dsd/Nexys-4-DDR/Lab-5/wail.vhd', nor could it be found using path 'C:/msys64/home/Chris/dsd/Nexys-4-DDR/Lab-5/wail.vhd'.
CRITICAL WARNING: [Project 1-311] Could not find the file 'C:/../../msys64/home/Chris/dsd/Nexys-4-DDR/Lab-5/tone.vhd', nor could it be found using path 'C:/msys64/home/Chris/dsd/Nexys-4-DDR/Lab-5/tone.vhd'.
CRITICAL WARNING: [Project 1-311] Could not find the file 'C:/../../msys64/home/Chris/dsd/Nexys-4-DDR/Lab-5/siren.vhd', nor could it be found using path 'C:/msys64/home/Chris/dsd/Nexys-4-DDR/Lab-5/siren.vhd'.
CRITICAL WARNING: [Project 1-311] Could not find the file 'C:/../../msys64/home/Chris/dsd/Nexys-4-DDR/Lab-5/siren.xdc', nor could it be found using path 'C:/msys64/home/Chris/dsd/Nexys-4-DDR/Lab-5/siren.xdc'.
Scanning sources...
Finished scanning sources
WARNING: [filemgmt 56-2] Board Part Repository Path: Could not find the directory 'C:/AppData/Roaming/Xilinx/Vivado/2019.1/xhub/board_store', nor could it be found using path 'C:/Users/Chris/AppData/Roaming/Xilinx/Vivado/2019.1/xhub/board_store'.
WARNING: [filemgmt 56-2] IPUserFilesDir: Could not find the directory 'C:/github/dsdFinalProject/siren/siren.ip_user_files', nor could it be found using path 'C:/Users/Chris/Documents/cpe487/siren/siren.ip_user_files'.
INFO: [IP_Flow 19-234] Refreshing IP repositories
INFO: [IP_Flow 19-1704] No user IP repositories specified
INFO: [IP_Flow 19-2313] Loaded Vivado IP repository 'C:/Xilinx/Vivado/2019.1/data/ip'.
update_compile_order -fileset sources_1
exit
INFO: [Common 17-206] Exiting Vivado at Mon Nov 25 15:44:19 2019...
